[Mon May 10 10:12:14.697223 2021] [ssl:info] [pid 16:tid 140151020466240] AH01883: Init: Initialized OpenSSL library
[Mon May 10 10:12:14.712483 2021] [ssl:info] [pid 16:tid 140151020466240] AH01883: Init: Initialized OpenSSL library
[Mon May 10 10:12:14.713823 2021] [mpm_event:notice] [pid 16:tid 140151020466240] AH00489: Apache/2.4.25 (Debian) OpenSSL/1.0.2u configured -- resuming normal operations
[Mon May 10 10:12:14.713869 2021] [core:notice] [pid 16:tid 140151020466240] AH00094: Command line: '/usr/sbin/apache2 -D FOREGROUND -e info'
[Mon May 10 10:22:13.804360 2021] [ssl:info] [pid 16:tid 139883849003072] AH01883: Init: Initialized OpenSSL library
[Mon May 10 10:22:13.819222 2021] [ssl:info] [pid 16:tid 139883849003072] AH01883: Init: Initialized OpenSSL library
[Mon May 10 10:22:13.820402 2021] [mpm_event:notice] [pid 16:tid 139883849003072] AH00489: Apache/2.4.25 (Debian) OpenSSL/1.0.2u configured -- resuming normal operations
[Mon May 10 10:22:13.820438 2021] [core:notice] [pid 16:tid 139883849003072] AH00094: Command line: '/usr/sbin/apache2 -D FOREGROUND -e info'
[Mon May 10 10:26:16.442495 2021] [ssl:info] [pid 16:tid 139714550677568] AH01883: Init: Initialized OpenSSL library
[Mon May 10 10:26:16.448997 2021] [ssl:info] [pid 16:tid 139714550677568] AH01883: Init: Initialized OpenSSL library
[Mon May 10 10:26:16.449656 2021] [mpm_event:notice] [pid 16:tid 139714550677568] AH00489: Apache/2.4.25 (Debian) OpenSSL/1.0.2u configured -- resuming normal operations
[Mon May 10 10:26:16.449668 2021] [core:notice] [pid 16:tid 139714550677568] AH00094: Command line: '/usr/sbin/apache2 -D FOREGROUND -e info'
[Tue May 11 06:47:41.584735 2021] [ssl:info] [pid 10:tid 140637572350016] AH01883: Init: Initialized OpenSSL library
[Tue May 11 06:47:41.593813 2021] [ssl:info] [pid 10:tid 140637572350016] AH01883: Init: Initialized OpenSSL library
[Tue May 11 06:47:41.594047 2021] [core:warn] [pid 10:tid 140637572350016] AH00098: pid file /var/run/apache2/apache2.pid overwritten -- Unclean shutdown of previous Apache run?
[Tue May 11 06:47:41.594768 2021] [mpm_event:notice] [pid 10:tid 140637572350016] AH00489: Apache/2.4.25 (Debian) OpenSSL/1.0.2u configured -- resuming normal operations
[Tue May 11 06:47:41.594794 2021] [core:notice] [pid 10:tid 140637572350016] AH00094: Command line: '/usr/sbin/apache2 -D FOREGROUND -e info'
[Tue May 11 06:54:27.612234 2021] [ssl:info] [pid 9:tid 139937704939584] AH01883: Init: Initialized OpenSSL library
[Tue May 11 06:54:27.622241 2021] [ssl:info] [pid 9:tid 139937704939584] AH01883: Init: Initialized OpenSSL library
[Tue May 11 06:54:27.622458 2021] [core:warn] [pid 9:tid 139937704939584] AH00098: pid file /var/run/apache2/apache2.pid overwritten -- Unclean shutdown of previous Apache run?
[Tue May 11 06:54:27.623200 2021] [mpm_event:notice] [pid 9:tid 139937704939584] AH00489: Apache/2.4.25 (Debian) OpenSSL/1.0.2u configured -- resuming normal operations
[Tue May 11 06:54:27.623224 2021] [core:notice] [pid 9:tid 139937704939584] AH00094: Command line: '/usr/sbin/apache2 -D FOREGROUND -e info'
